<?xml version="1.0" encoding="UTF-8"?>
<!-- Generated by org.testng.reporters.JUnitReportReporter -->
<testsuite hostname="LAPTOP-MIE8BJRT" failures="0" tests="4" name="Testcases.LoginPageTest" time="52.303" errors="0" timestamp="2022-01-08T11:44:13 IST" skipped="0">
  <testcase classname="Testcases.LoginPageTest" name="validateLoginTest" time="10.941"/>
  <system-out/>
  <testcase classname="Testcases.LoginPageTest" name="validateSearchTest" time="20.464"/>
  <system-out/>
  <testcase classname="Testcases.LoginPageTest" name="validateTitleTest" time="11.866"/>
  <system-out/>
  <testcase classname="Testcases.LoginPageTest" name="validateBookingTest" time="9.032"/>
  <system-out/>
</testsuite> <!-- Testcases.LoginPageTest -->
